<?xml version="1.0" encoding="UTF-8"?>
<testsuite name="com.jini.redbubble.index.BasePriceIndexTest" tests="5" skipped="0" failures="0" errors="0" timestamp="2021-05-10T14:04:38" hostname="Monendras-MacBook-Pro-2.local" time="0.013">
  <properties/>
  <testcase name="testEmptyFile" classname="com.jini.redbubble.index.BasePriceIndexTest" time="0.0"/>
  <testcase name="testCategoryToOptionsMap" classname="com.jini.redbubble.index.BasePriceIndexTest" time="0.003"/>
  <testcase name="testBasePriceInvalidFile" classname="com.jini.redbubble.index.BasePriceIndexTest" time="0.0"/>
  <testcase name="testCategoryToOptionsPriceMap" classname="com.jini.redbubble.index.BasePriceIndexTest" time="0.007"/>
  <testcase name="testCategoryToPriceMap" classname="com.jini.redbubble.index.BasePriceIndexTest" time="0.002"/>
  <system-out><![CDATA[]]></system-out>
  <system-err><![CDATA[]]></system-err>
</testsuite>
